{
  "RSpec": {
    "coverage": {
      "/Users/ricardobautista/Documents/devpoint/Week 5/cars_fall19/app/models/application_record.rb": [
        1,
        1,
        null
      ],
      "/Users/ricardobautista/Documents/devpoint/Week 5/cars_fall19/app/models/car.rb": [
        1,
        null,
        null,
        null,
        1,
        null,
        null,
        1,
        1,
        null,
        null,
        null,
        1,
        null,
        1,
        null,
        null,
        null,
        null,
        1,
        null,
        null,
        2,
        null,
        null,
        null,
        1,
        1,
        null,
        null,
        null,
        1,
        1,
        null,
        null,
        null,
        1,
        1,
        null,
        null,
        null
      ]
    },
    "timestamp": 1568166487
  }
}
